<?xml version="1.0" encoding="UTF-8"?>
<testsuite name="exercise14" tests="1" skipped="0" failures="0" errors="0" timestamp="2019-05-28T16:41:09" hostname="Kordian-PC" time="24.113">
  <properties/>
  <testcase name="checkNewFrame" classname="exercise14" time="24.113"/>
  <system-out><![CDATA[]]></system-out>
  <system-err><![CDATA[Starting ChromeDriver 74.0.3729.6 (255758eccf3d244491b8a1317aa76e1ce10d57e9-refs/branch-heads/3729@{#29}) on port 13891
Only local connections are allowed.
Please protect ports used by ChromeDriver and related test frameworks to prevent access by malicious code.
maj 28, 2019 6:41:13 PM org.openqa.selenium.remote.ProtocolHandshake createSession
INFO: Detected dialect: OSS
]]></system-err>
</testsuite>
