<?xml version="1.0" encoding="UTF-8"?>
<testsuite name="exercise11" tests="1" skipped="0" failures="0" errors="0" timestamp="2019-05-17T19:42:25" hostname="Kordian-PC" time="15.54">
  <properties/>
  <testcase name="createNewAccount" classname="exercise11" time="15.54"/>
  <system-out><![CDATA[]]></system-out>
  <system-err><![CDATA[Starting ChromeDriver 74.0.3729.6 (255758eccf3d244491b8a1317aa76e1ce10d57e9-refs/branch-heads/3729@{#29}) on port 21825
Only local connections are allowed.
Please protect ports used by ChromeDriver and related test frameworks to prevent access by malicious code.
maj 17, 2019 9:42:29 PM org.openqa.selenium.remote.ProtocolHandshake createSession
INFO: Detected dialect: OSS
]]></system-err>
</testsuite>
