<?xml version="1.0" encoding="UTF-8"?>
<testsuite name="capabilities" tests="1" skipped="0" failures="0" errors="0" timestamp="2019-05-06T17:45:15" hostname="Kordian-PC" time="17.874">
  <properties/>
  <testcase name="myFirstTest" classname="capabilities" time="17.874"/>
  <system-out><![CDATA[]]></system-out>
  <system-err><![CDATA[1557164716612	mozrunner::runner	INFO	Running command: "C:/Program Files/Firefox Nightly/firefox.exe" "-marionette" "-foreground" "-no-remote" "-profile" "C:\\Users\\Kordian\\AppData\\Local\\Temp\\rust_mozprofile.0c0JbLtduKaf"
1557164719992	addons.webextension.screenshots@mozilla.org	WARN	Loading extension 'screenshots@mozilla.org': Reading manifest: Invalid extension permission: mozillaAddons
1557164719993	addons.webextension.screenshots@mozilla.org	WARN	Loading extension 'screenshots@mozilla.org': Reading manifest: Invalid extension permission: resource://pdf.js/
1557164719993	addons.webextension.screenshots@mozilla.org	WARN	Loading extension 'screenshots@mozilla.org': Reading manifest: Invalid extension permission: about:reader*
1557164723943	Marionette	INFO	Listening on port 65049
1557164724286	Marionette	WARN	TLS certificate errors will be ignored for this session
maj 06, 2019 7:45:24 PM org.openqa.selenium.remote.ProtocolHandshake createSession
INFO: Detected dialect: W3C
1557164727041	Marionette	INFO	Stopped listening on port 65049
[Parent 30176, Gecko_IOThread] WARNING: pipe error: 109: file z:/task_1557145317/build/src/ipc/chromium/src/chrome/common/ipc_channel_win.cc, line 341
[Child 38668, Chrome_ChildThread] WARNING: pipe error: 109: file z:/task_1557145317/build/src/ipc/chromium/src/chrome/common/ipc_channel_win.cc, line 341
[Child 38668, Chrome_Chi[Parent 30176, Gecko_IOThread] WARNING: pipe error: 109: file z:/task_1557145317/build/src/ipc/chromium/src/chrome/common/ipc_channel_win.cc, line 341
[Parent 30176, Gecko_IOThread] WARNING: file z:/task_1557145317/build/src/ipc/chromium/src/base/process_util_win.cc, line 160

###!!! [Child][RunMessage] Error: Channel closing: too late to send/recv, messages will be lost

[GPU 37784, Chrome_Ch
###!!! [Child][MessageChannel::SendAndWait] Error: Channel error: cannot send/recv

]]></system-err>
</testsuite>
