<?xml version="1.0" encoding="UTF-8"?>
<testsuite name="exercise9" tests="1" skipped="0" failures="0" errors="0" timestamp="2019-05-14T15:19:31" hostname="Kordian-PC" time="39.322">
  <properties/>
  <testcase name="checkListOfCountries" classname="exercise9" time="39.322"/>
  <system-out><![CDATA[[null, null, null, null, null, null, null, null, null, null, null, null, null]
[null, null, null, null, null, null, null, null, null, null, null, null, null, null, null, null, null, null, null, null, null, null, null, null, null, null, null, null, null, null, null, null, null, null, null, null, null, null, null, null, null, null, null, null, null, null, null, null, null, null, null, null, null, null, null, null, null, null, null, null, null, null, null, null, null]
]]></system-out>
  <system-err><![CDATA[Starting ChromeDriver 74.0.3729.6 (255758eccf3d244491b8a1317aa76e1ce10d57e9-refs/branch-heads/3729@{#29}) on port 32402
Only local connections are allowed.
Please protect ports used by ChromeDriver and related test frameworks to prevent access by malicious code.
maj 14, 2019 5:19:35 PM org.openqa.selenium.remote.ProtocolHandshake createSession
INFO: Detected dialect: OSS
]]></system-err>
</testsuite>
