<?xml version="1.0" encoding="UTF-8"?>
<testsuite name="exercise8" tests="1" skipped="0" failures="0" errors="0" timestamp="2019-05-10T18:57:12" hostname="Kordian-PC" time="8.531">
  <properties/>
  <testcase name="checkStickers" classname="exercise8" time="8.531"/>
  <system-out><![CDATA[Number of stickers: 1
Number of stickers: 1
Number of stickers: 1
Number of stickers: 1
Number of stickers: 1
Number of stickers: 1
Number of stickers: 1
Number of stickers: 1
Number of stickers: 1
Number of stickers: 1
Number of stickers: 1
]]></system-out>
  <system-err><![CDATA[Starting ChromeDriver 74.0.3729.6 (255758eccf3d244491b8a1317aa76e1ce10d57e9-refs/branch-heads/3729@{#29}) on port 29355
Only local connections are allowed.
Please protect ports used by ChromeDriver and related test frameworks to prevent access by malicious code.
maj 10, 2019 8:57:16 PM org.openqa.selenium.remote.ProtocolHandshake createSession
INFO: Detected dialect: OSS
]]></system-err>
</testsuite>
