<?xml version="1.0" encoding="UTF-8"?>
<testsuite name="exercise10" tests="1" skipped="1" failures="0" errors="0" timestamp="2019-05-14T18:29:46" hostname="Kordian-PC" time="313.725">
  <properties/>
  <testcase name="checkCathegory" classname="exercise10" time="313.725">
    <skipped/>
  </testcase>
  <system-out><![CDATA[]]></system-out>
  <system-err><![CDATA[Starting ChromeDriver 74.0.3729.6 (255758eccf3d244491b8a1317aa76e1ce10d57e9-refs/branch-heads/3729@{#29}) on port 33720
Only local connections are allowed.
Please protect ports used by ChromeDriver and related test frameworks to prevent access by malicious code.
maj 14, 2019 8:29:51 PM org.openqa.selenium.remote.ProtocolHandshake createSession
INFO: Detected dialect: OSS
]]></system-err>
</testsuite>
